{"D:\\Project\\React\\New folder\\unit\\src\\App.js": {"path":"D:\\Project\\React\\New folder\\unit\\src\\App.js","statementMap":{"0":{"start":{"line":7,"column":2},"end":{"line":11,"column":4}}},"fnMap":{"0":{"name":"App","decl":{"start":{"line":6,"column":9},"end":{"line":6,"column":12}},"loc":{"start":{"line":6,"column":15},"end":{"line":12,"column":1}},"line":6}},"branchMap":{},"s":{"0":1},"f":{"0":1},"b":{},"_coverageSchema":"43e27e138ebf9cfc5966b082cf9a028302ed4184","hash":"bc03d8f8700b5fd1442a82f442db477cd4709c15"}
,"D:\\Project\\React\\New folder\\unit\\src\\component\\Input.js": {"path":"D:\\Project\\React\\New folder\\unit\\src\\component\\Input.js","statementMap":{"0":{"start":{"line":4,"column":40},"end":{"line":4,"column":52}},"1":{"start":{"line":6,"column":24},"end":{"line":8,"column":5}},"2":{"start":{"line":7,"column":8},"end":{"line":7,"column":37}},"3":{"start":{"line":10,"column":4},"end":{"line":17,"column":5}}},"fnMap":{"0":{"name":"Input","decl":{"start":{"line":3,"column":9},"end":{"line":3,"column":14}},"loc":{"start":{"line":3,"column":17},"end":{"line":18,"column":1}},"line":3},"1":{"name":"(anonymous_1)","decl":{"start":{"line":6,"column":24},"end":{"line":6,"column":25}},"loc":{"start":{"line":6,"column":31},"end":{"line":8,"column":5}},"line":6}},"branchMap":{},"s":{"0":1,"1":1,"2":0,"3":1},"f":{"0":1,"1":0},"b":{},"_coverageSchema":"43e27e138ebf9cfc5966b082cf9a028302ed4184","hash":"98a09c039c9be7fd508691cf86715cdfba5efcdd"}
}
